{"level":"warn","message":"Prueba en producto"}
{"level":"warn","message":"alerta prueba"}
fatal: POST /api/products 16:00:27
fatal: POST /api/products 16:00:51
fatal: Prueba en producto
fatal: POST /api/products 16:01:13
fatal: Prueba en producto
fatal: POST /api/products 16:04:30
fatal: Prueba en producto
fatal: POST /api/products 16:04:50
fatal: Prueba en producto
fatal: POST /api/products 16:05:44
fatal: Prueba en producto
fatal: POST /api/products 16:06:28
fatal: Prueba en producto
fatal: POST /api/products 16:06:46
fatal: Prueba en producto
fatal: POST /api/products 16:07:30
fatal: POST /api/products 16:08:19
fatal: GET /api/products 16:08:58
fatal: GET /api/products 16:09:00
fatal: POST /api/products 16:09:05
fatal: POST /api/products 16:09:43
fatal: POST /api/products 16:09:54
fatal: POST /api/products 16:09:55
fatal: POST /api/products 16:09:56
fatal: POST /products 16:12:11
fatal: POST /products 16:12:18
fatal: POST /products 16:34:46
fatal: POST /products 16:40:02
fatal: POST /products 16:40:14
fatal: POST /products 16:52:04
error: POST /products 16:53:30
error: POST /products 16:54:07
error: POST /products 15:09:41
error: POST /products 15:11:12
error: POST /products 15:47:07
error: POST /products 15:51:46
